0 info it worked if it ends with ok
1 verbose cli [ 'C:\\Program Files (x86)\\nodejs\\node.exe',
1 verbose cli   'C:\\Program Files (x86)\\nodejs\\node_modules\\npm\\bin\\npm-cli.js',
1 verbose cli   'run',
1 verbose cli   'release' ]
2 info using npm@2.14.9
3 info using node@v0.12.9
4 verbose run-script [ 'prerelease', 'release', 'postrelease' ]
5 info prerelease generator-eslint@1.0.2
6 info release generator-eslint@1.0.2
7 verbose unsafe-perm in lifecycle true
8 info generator-eslint@1.0.2 Failed to exec release script
9 verbose stack Error: generator-eslint@1.0.2 release: `eslint-release`
9 verbose stack Exit status 1
9 verbose stack     at EventEmitter.<anonymous> (C:\Program Files (x86)\nodejs\node_modules\npm\lib\utils\lifecycle.js:214:16)
9 verbose stack     at EventEmitter.emit (events.js:110:17)
9 verbose stack     at ChildProcess.<anonymous> (C:\Program Files (x86)\nodejs\node_modules\npm\lib\utils\spawn.js:24:14)
9 verbose stack     at ChildProcess.emit (events.js:110:17)
9 verbose stack     at maybeClose (child_process.js:1016:16)
9 verbose stack     at Process.ChildProcess._handle.onexit (child_process.js:1088:5)
10 verbose pkgid generator-eslint@1.0.2
11 verbose cwd C:\Users\Nicholas\projects\personal\generator-eslint
12 error Windows_NT 10.0.10586
13 error argv "C:\\Program Files (x86)\\nodejs\\node.exe" "C:\\Program Files (x86)\\nodejs\\node_modules\\npm\\bin\\npm-cli.js" "run" "release"
14 error node v0.12.9
15 error npm  v2.14.9
16 error code ELIFECYCLE
17 error generator-eslint@1.0.2 release: `eslint-release`
17 error Exit status 1
18 error Failed at the generator-eslint@1.0.2 release script 'eslint-release'.
18 error This is most likely a problem with the generator-eslint package,
18 error not with npm itself.
18 error Tell the author that this fails on your system:
18 error     eslint-release
18 error You can get their info via:
18 error     npm owner ls generator-eslint
18 error There is likely additional logging output above.
19 verbose exit [ 1, true ]
